<?xml version="1.0" encoding="UTF-8"?>
<!-- Generated by org.testng.reporters.JUnitXMLReporter -->
<testsuite hostname="DESKTOP-C7IQ8IL" ignored="0" name="Surefire test" tests="3" failures="2" timestamp="2021-09-22T20:15:02 CDT" time="5.314" errors="0">
  <testcase name="gmailAPITest" time="3.331" classname="GmailApp.GmailAPITest"/>
  <testcase name="runScenario" time="0.655" classname="io.cucumber.testng.AbstractTestNGCucumberTests">
    <failure type="java.lang.AssertionError" message="expected [201] but found [200]">
      <![CDATA[java.lang.AssertionError: expected [201] but found [200]
at stepDefinitions.Swaggersteps.imValidatingTheStatusCodeAs(Swaggersteps.java:127)
at ✽.Im validating the status code as 201(file:///C:/Sindhura1_Respository/SDET-Training/Sindhura1_Framework/src/main/resources/Features/Swagger.feature:9)
... Removed 5 stack frames]]>
    </failure>
  </testcase> <!-- runScenario -->
  <testcase name="runScenario" time="0.399" classname="io.cucumber.testng.AbstractTestNGCucumberTests">
    <failure type="java.lang.AssertionError" message="expected [201] but found [200]">
      <![CDATA[java.lang.AssertionError: expected [201] but found [200]
at stepDefinitions.Swaggersteps.imValidatingTheStatusCodeAs(Swaggersteps.java:127)
at ✽.Im validating the status code as 201(file:///C:/Sindhura1_Respository/SDET-Training/Sindhura1_Framework/src/main/resources/Features/Swagger.feature:17)
... Removed 5 stack frames]]>
    </failure>
  </testcase> <!-- runScenario -->
</testsuite> <!-- Surefire test -->
