[
  {
    "line": 1,
    "elements": [
      {
        "start_timestamp": "2021-09-23T01:15:01.507Z",
        "line": 5,
        "name": "Creating post call for new pet",
        "description": "",
        "id": "creating-sanity-test-for-swagger-petstore;creating-post-call-for-new-pet",
        "type": "scenario",
        "keyword": "Scenario",
        "steps": [
          {
            "result": {
              "duration": 22000000,
              "status": "passed"
            },
            "line": 6,
            "name": "Im sending swaggerURI of application",
            "match": {
              "location": "stepDefinitions.Swaggersteps.imSendingSwaggerAPIOfApplication()"
            },
            "keyword": "Given "
          },
          {
            "result": {
              "duration": 7000000,
              "status": "passed"
            },
            "line": 7,
            "name": "Im setting the values for the parameters for new pet",
            "match": {
              "location": "stepDefinitions.Swaggersteps.imSettingTheValuesForTheParametersForNewPet()"
            },
            "keyword": "When "
          },
          {
            "result": {
              "duration": 397000000,
              "status": "passed"
            },
            "line": 8,
            "name": "Im passing endpoint for adding new pet",
            "match": {
              "location": "stepDefinitions.Swaggersteps.imPassingEndpointForAddingNewPet()"
            },
            "keyword": "And "
          },
          {
            "result": {
              "error_message": "java.lang.AssertionError: expected [201] but found [200]\r\n\tat org.testng.Assert.fail(Assert.java:97)\r\n\tat org.testng.Assert.assertEqualsImpl(Assert.java:136)\r\n\tat org.testng.Assert.assertEquals(Assert.java:118)\r\n\tat org.testng.Assert.assertEquals(Assert.java:839)\r\n\tat org.testng.Assert.assertEquals(Assert.java:849)\r\n\tat stepDefinitions.Swaggersteps.imValidatingTheStatusCodeAs(Swaggersteps.java:127)\r\n\tat ✽.Im validating the status code as 201(file:///C:/Sindhura1_Respository/SDET-Training/Sindhura1_Framework/src/main/resources/Features/Swagger.feature:9)\r\n",
              "duration": 7000000,
              "status": "failed"
            },
            "line": 9,
            "name": "Im validating the status code as 201",
            "match": {
              "arguments": [
                {
                  "val": "201",
                  "offset": 33
                }
              ],
              "location": "stepDefinitions.Swaggersteps.imValidatingTheStatusCodeAs(int)"
            },
            "keyword": "Then "
          }
        ],
        "tags": [
          {
            "name": "@sanitytest"
          },
          {
            "name": "@TC001"
          }
        ]
      },
      {
        "start_timestamp": "2021-09-23T01:15:01.994Z",
        "line": 13,
        "name": "Creating post call for list of users",
        "description": "",
        "id": "creating-sanity-test-for-swagger-petstore;creating-post-call-for-list-of-users",
        "type": "scenario",
        "keyword": "Scenario",
        "steps": [
          {
            "result": {
              "status": "passed"
            },
            "line": 14,
            "name": "Im sending swaggerURI of application",
            "match": {
              "location": "stepDefinitions.Swaggersteps.imSendingSwaggerAPIOfApplication()"
            },
            "keyword": "Given "
          },
          {
            "result": {
              "duration": 3000000,
              "status": "passed"
            },
            "line": 15,
            "name": "Im setting the values for the parameters for list of users",
            "match": {
              "location": "stepDefinitions.Swaggersteps.imSettingTheValuesForTheParametersForListOfUsers()"
            },
            "keyword": "When "
          },
          {
            "result": {
              "duration": 385000000,
              "status": "passed"
            },
            "line": 16,
            "name": "Im passing endpoint for list of users",
            "match": {
              "location": "stepDefinitions.Swaggersteps.imPassingEndpointForListOfUsers()"
            },
            "keyword": "And "
          },
          {
            "result": {
              "error_message": "java.lang.AssertionError: expected [201] but found [200]\r\n\tat org.testng.Assert.fail(Assert.java:97)\r\n\tat org.testng.Assert.assertEqualsImpl(Assert.java:136)\r\n\tat org.testng.Assert.assertEquals(Assert.java:118)\r\n\tat org.testng.Assert.assertEquals(Assert.java:839)\r\n\tat org.testng.Assert.assertEquals(Assert.java:849)\r\n\tat stepDefinitions.Swaggersteps.imValidatingTheStatusCodeAs(Swaggersteps.java:127)\r\n\tat ✽.Im validating the status code as 201(file:///C:/Sindhura1_Respository/SDET-Training/Sindhura1_Framework/src/main/resources/Features/Swagger.feature:17)\r\n",
              "status": "failed"
            },
            "line": 17,
            "name": "Im validating the status code as 201",
            "match": {
              "arguments": [
                {
                  "val": "201",
                  "offset": 33
                }
              ],
              "location": "stepDefinitions.Swaggersteps.imValidatingTheStatusCodeAs(int)"
            },
            "keyword": "Then "
          }
        ],
        "tags": [
          {
            "name": "@sanitytest"
          },
          {
            "name": "@TC002"
          }
        ]
      }
    ],
    "name": "Creating Sanity Test for swagger petstore",
    "description": "",
    "id": "creating-sanity-test-for-swagger-petstore",
    "keyword": "Feature",
    "uri": "file:src/main/resources/Features/Swagger.feature",
    "tags": []
  }
]