<?xml version="1.0" encoding="UTF-8"?>
<!-- Generated by org.testng.reporters.JUnitReportReporter -->
<testsuite skipped="0" hostname="DESKTOP-C7IQ8IL" name="SmokeTests.CucumberRunnerTest" tests="2" failures="2" timestamp="2021-09-22T20:15:02 CDT" time="1.054" errors="0">
  <testcase name="runScenario" time="0.399" classname="SmokeTests.CucumberRunnerTest">
    <failure type="java.lang.AssertionError" message="expected [201] but found [200]">
      <![CDATA[java.lang.AssertionError: expected [201] but found [200]
at org.testng.Assert.fail(Assert.java:97)
at org.testng.Assert.assertEqualsImpl(Assert.java:136)
at org.testng.Assert.assertEquals(Assert.java:118)
at org.testng.Assert.assertEquals(Assert.java:839)
at org.testng.Assert.assertEquals(Assert.java:849)
at stepDefinitions.Swaggersteps.imValidatingTheStatusCodeAs(Swaggersteps.java:127)
at ✽.Im validating the status code as 201(file:///C:/Sindhura1_Respository/SDET-Training/Sindhura1_Framework/src/main/resources/Features/Swagger.feature:17)
]]>
    </failure>
  </testcase> <!-- runScenario -->
  <system-out/>
  <testcase name="runScenario" time="0.655" classname="SmokeTests.CucumberRunnerTest">
    <failure type="java.lang.AssertionError" message="expected [201] but found [200]">
      <![CDATA[java.lang.AssertionError: expected [201] but found [200]
at org.testng.Assert.fail(Assert.java:97)
at org.testng.Assert.assertEqualsImpl(Assert.java:136)
at org.testng.Assert.assertEquals(Assert.java:118)
at org.testng.Assert.assertEquals(Assert.java:839)
at org.testng.Assert.assertEquals(Assert.java:849)
at stepDefinitions.Swaggersteps.imValidatingTheStatusCodeAs(Swaggersteps.java:127)
at ✽.Im validating the status code as 201(file:///C:/Sindhura1_Respository/SDET-Training/Sindhura1_Framework/src/main/resources/Features/Swagger.feature:9)
]]>
    </failure>
  </testcase> <!-- runScenario -->
  <system-out/>
</testsuite> <!-- SmokeTests.CucumberRunnerTest -->
